2025-12-08 14:19:32,343 -         Step      maxGoal    expReturn      expGoal   CriticLoss    ActorLoss      LogProb
2025-12-08 14:19:40,555 -          960        18.78
2025-12-08 14:20:47,626 -          960        18.78       -11.63        18.78        24.63        0.21       -6.84
2025-12-08 14:22:01,861 -         1920        18.78       -11.86        18.74         6.32        0.16       -7.11
2025-12-08 14:22:07,728 -         2880        20.33
2025-12-08 14:23:13,613 -         2880        20.33       -11.12        20.33        12.34       -0.14       -6.96
2025-12-08 14:24:25,069 -         3840        20.33       -11.75        20.26        13.02        0.19       -7.42
2025-12-08 14:25:34,094 -         4800        20.33       -11.61        19.92         4.55        0.03       -7.07
2025-12-08 14:26:43,127 -         5760        20.33       -10.15        19.92         8.52        0.25       -6.98
2025-12-08 14:26:48,734 -         6720        22.29
2025-12-08 14:27:53,749 -         6720        22.29       -10.39        22.29         9.53        0.14       -7.43
2025-12-08 14:29:04,759 -         7680        22.29       -10.40        20.85         8.35       -0.30       -7.17
2025-12-08 14:30:14,118 -         8640        22.29       -11.25        20.91         3.59        0.38       -6.44
2025-12-08 14:31:25,912 -         9600        22.29       -10.08        20.87         3.34        0.18       -7.72
2025-12-08 14:32:35,874 -        10560        22.29        -9.87        21.69         5.78       -0.15       -6.92
2025-12-08 14:33:24,243 -         Step      maxGoal    expReturn      expGoal   CriticLoss    ActorLoss      LogProb
2025-12-08 14:33:24,752 - Load models from directory: ./saves/100_100_100000_10zu50_0.1_0.5_0/
2025-12-08 14:33:24,960 - Models successfully loaded from ./saves/100_100_100000_10zu50_0.1_0.5_0/
2025-12-08 14:33:45,949 -         Step      maxGoal    expReturn      expGoal   CriticLoss    ActorLoss      LogProb
2025-12-08 14:33:46,443 - Load models from directory: ./saves/100_100_100000_10zu50_0.1_0.5_0/
2025-12-08 14:33:46,689 - Models successfully loaded from ./saves/100_100_100000_10zu50_0.1_0.5_0/
2025-12-08 14:34:20,773 -         Step      maxGoal    expReturn      expGoal   CriticLoss    ActorLoss      LogProb
2025-12-08 14:34:21,254 - Load models from directory: ./saves/100_100_100000_10zu50_0.1_0.5_0/
2025-12-08 14:34:21,453 - Models successfully loaded from ./saves/100_100_100000_10zu50_0.1_0.5_0/
2025-12-08 14:34:28,674 -        11520        21.20
2025-12-08 14:35:36,065 -        11520        21.20        -9.81        21.20         6.13        0.45       -7.30
2025-12-08 14:35:42,028 -        12480        22.24
2025-12-08 14:36:48,646 -        12480        22.24        -9.51        22.24         8.66        0.20       -7.10
2025-12-08 14:38:03,345 -        13440        22.24        -9.45        21.37         4.40        0.14       -7.92
2025-12-08 14:38:09,546 -        14400        22.47
2025-12-08 14:39:20,680 -        14400        22.47        -9.13        22.47         7.87       -0.02       -7.90
2025-12-08 14:39:26,762 -        15360        23.27
2025-12-08 14:40:37,989 -        15360        23.27        -8.47        23.27         4.52        0.36       -7.49
2025-12-08 14:41:54,560 -        16320        23.27        -9.52        22.35         5.55        0.41       -7.32
2025-12-08 14:42:00,488 -        17280        24.40
2025-12-08 14:43:06,965 -        17280        24.40        -9.45        24.40         2.42       -0.03       -7.73
2025-12-08 14:44:16,028 -        18240        24.40        -8.92        23.54         2.54        0.39       -7.94
2025-12-08 14:45:24,993 -        19200        24.40        -8.64        24.04         5.19        0.36       -6.85
2025-12-08 14:45:30,456 -        20160        24.87
2025-12-08 14:46:34,209 -        20160        24.87        -8.88        24.87         8.06       -0.03       -7.34
2025-12-08 15:00:57,270 -         Step      maxGoal    expReturn      expGoal   CriticLoss    ActorLoss      LogProb
2025-12-08 15:00:57,822 - Load models from directory: ./saves/100_100_100000_10zu50_0.1_0.5_0/
2025-12-08 15:00:58,069 - Models successfully loaded from ./saves/100_100_100000_10zu50_0.1_0.5_0/
2025-12-08 15:01:06,256 -        21120        25.33
2025-12-08 15:02:18,639 -        21120        25.33        -8.22        25.33         2.13        0.27       -7.69
2025-12-08 15:03:36,805 -        22080        25.33        -8.15        23.80         0.93       -0.20       -7.48
2025-12-08 15:04:56,127 -        23040        25.33        -8.65        25.28         5.83       -0.05       -7.69
2025-12-08 15:06:15,635 -        24000        25.33        -8.62        24.66         2.26        0.12       -7.63
2025-12-08 15:06:21,798 -        24960        25.53
2025-12-08 15:07:31,680 -        24960        25.53        -8.68        25.53         3.83        0.02       -7.47
2025-12-08 15:08:49,064 -        25920        25.53        -8.38        25.16         3.53       -0.05       -7.59
2025-12-08 15:10:13,393 -        26880        25.53        -7.72        24.73         4.11        0.31       -7.08
2025-12-08 15:10:20,126 -        27840        26.76
2025-12-08 15:11:31,951 -        27840        26.76        -7.83        26.76         2.02        0.01       -7.76
2025-12-08 15:12:45,675 -        28800        26.76        -8.18        26.59         1.17        0.12       -7.18
2025-12-08 15:14:06,083 -        29760        26.76        -7.65        26.36         2.88        0.28       -6.58
2025-12-08 15:15:24,713 -        30720        26.76        -8.05        25.87         1.05        0.05       -6.57
2025-12-08 15:15:40,630 -         Step      maxGoal    expReturn      expGoal   CriticLoss    ActorLoss      LogProb
2025-12-08 15:15:41,161 - Load models from directory: ./saves/100_100_100000_10zu50_0.1_0.5_0/
2025-12-08 15:15:41,382 - Models successfully loaded from ./saves/100_100_100000_10zu50_0.1_0.5_0/
2025-12-08 15:15:49,120 -        31680        26.90
2025-12-08 15:17:05,639 -        31680        26.90        -8.17        26.90         2.03        0.07       -7.43
2025-12-08 15:17:11,582 -        32640        27.87
2025-12-08 15:18:25,179 -        32640        27.87        -7.08        27.87         2.09       -0.15       -7.54
2025-12-08 15:19:45,632 -        33600        27.87        -7.84        26.57         1.98        0.19       -7.71
2025-12-08 15:21:24,382 -        34560        27.87        -6.95        26.91         1.63        0.25       -8.09
2025-12-08 15:21:31,514 -        35520        28.95
2025-12-08 15:22:55,184 -        35520        28.95        -7.43        28.95         1.57        0.10       -6.47
2025-12-08 15:24:13,785 -        36480        28.95        -7.23        28.29         0.56       -0.02       -7.94
2025-12-08 15:25:30,608 -        37440        28.95        -7.60        28.41         2.24       -0.33       -6.98
2025-12-08 15:26:49,921 -        38400        28.95        -7.40        27.53         2.97       -0.20       -7.20
2025-12-08 15:26:56,449 -        39360        29.46
2025-12-08 15:28:12,415 -        39360        29.46        -6.24        29.46         1.35       -0.44       -7.59
2025-12-08 15:29:33,431 -        40320        29.46        -6.64        28.82         0.53       -0.33       -7.52
2025-12-08 15:29:56,155 -         Step      maxGoal    expReturn      expGoal   CriticLoss    ActorLoss      LogProb
2025-12-08 15:29:56,644 - Load models from directory: ./saves/100_100_100000_10zu50_0.1_0.5_0/
2025-12-08 15:29:56,906 - Models successfully loaded from ./saves/100_100_100000_10zu50_0.1_0.5_0/
2025-12-08 15:30:04,978 -        41120        29.41
2025-12-08 15:31:09,349 -        41120        29.41        -7.04        29.41         6.15        0.13       -7.69
2025-12-08 15:32:21,436 -        41920        29.41        -6.73        26.84         0.98       -0.21       -6.82
2025-12-08 15:33:32,457 -        42720        29.41        -6.26        29.28         0.46       -0.17       -7.96
2025-12-08 15:34:43,837 -        43520        29.41        -6.45        29.36         1.73       -0.18       -7.82
2025-12-08 15:34:49,773 -        44320        31.49
2025-12-08 15:35:50,646 -        44320        31.49        -6.96        31.49         1.23       -0.16       -7.82
2025-12-08 15:36:55,605 -        45120        31.49        -6.54        29.93         1.33       -0.04       -7.51
2025-12-08 15:37:01,710 -        45920        32.41
2025-12-08 15:38:05,399 -        45920        32.41        -6.47        32.41         1.31        0.11       -7.70
2025-12-08 15:39:17,303 -        46720        32.41        -6.50        28.51         0.68       -0.05       -7.72
2025-12-08 15:40:27,425 -        47520        32.41        -6.15        30.38         1.09       -0.16       -6.46
2025-12-08 15:41:38,189 -        48320        32.41        -6.08        30.22         2.10        0.04       -7.06
2025-12-08 15:42:46,386 -        49120        32.41        -6.54        30.65         0.95        0.11       -6.08
2025-12-08 15:42:52,424 -        49920        32.95
2025-12-08 15:44:00,225 -        49920        32.95        -5.78        32.95         0.98        0.23       -6.81
2025-12-08 15:45:13,119 -        50720        32.95        -5.89        29.37         2.11        0.49       -7.60
