2025-12-09 13:17:03,565:         Step      maxGoal    expReturn      expGoal   CriticLoss    ActorLoss      LogProb
2025-12-09 13:17:11,224:          960        19.02
2025-12-09 13:17:28,319:          960        19.02       -11.58        19.02       240.56        0.22       -7.37
2025-12-09 13:17:34,340:         1920        19.15
2025-12-09 13:17:50,374:         1920        19.15       -12.11        19.15       108.58       -0.09       -7.22
2025-12-09 13:17:55,737:         2880        19.94
2025-12-09 13:18:11,828:         2880        19.94       -11.28        19.94        78.11        0.13       -7.98
2025-12-09 13:18:33,069:         3840        19.94       -10.60        19.16        42.60       -0.04       -7.96
2025-12-09 13:18:38,436:         4800        20.64
2025-12-09 13:18:54,372:         4800        20.64       -10.10        20.64        37.06        0.63       -7.61
2025-12-09 13:18:59,659:         5760        21.85
2025-12-09 13:19:15,598:         5760        21.85       -11.28        21.85        43.99        0.12       -7.51
2025-12-09 13:19:36,768:         6720        21.85       -10.27        21.45        19.73        0.15       -7.57
2025-12-09 13:19:58,050:         7680        21.85       -11.10        20.36        27.38        0.50       -7.15
2025-12-09 13:20:19,251:         8640        21.85        -9.50        21.34        15.20        0.38       -6.89
2025-12-09 13:20:24,541:         9600        22.62
2025-12-09 13:20:40,413:         9600        22.62       -10.37        22.62        54.25        0.72       -6.88
2025-12-09 13:21:02,314:        10560        22.62        -9.85        22.12        32.74        0.05       -7.19
2025-12-09 13:21:07,757:        11520        22.84
2025-12-09 13:21:23,662:        11520        22.84        -9.58        22.84        29.48       -0.50       -8.05
2025-12-09 13:21:45,310:        12480        22.84        -9.77        22.83        34.75        0.29       -7.15
2025-12-09 13:22:07,620:        13440        22.84        -8.94        22.83        24.88        0.36       -6.94
2025-12-09 13:22:29,625:        14400        22.84       -10.05        22.32        26.43        0.36       -6.80
2025-12-09 13:22:35,280:        15360        23.10
2025-12-09 13:22:51,923:        15360        23.10        -9.24        23.10        11.90       -0.10       -6.73
2025-12-09 13:22:57,403:        16320        25.50
2025-12-09 13:23:13,750:        16320        25.50        -8.34        25.50        15.02        0.12       -7.20
2025-12-09 13:23:35,422:        17280        25.50        -8.96        24.59        25.69       -0.23       -7.93
2025-12-09 13:23:41,710:        18240        26.46
2025-12-09 13:23:58,222:        18240        26.46        -8.67        26.46        18.88        0.45       -7.43
2025-12-09 13:24:19,790:        19200        26.46        -8.13        24.93        22.44       -0.01       -7.20
2025-12-09 13:24:41,012:        20160        26.46        -8.94        24.70        19.29        0.21       -6.56
2025-12-09 13:24:46,378:        21120        27.27
2025-12-09 13:25:02,405:        21120        27.27        -8.39        27.27        16.72       -0.18       -6.56
2025-12-09 13:25:23,590:        22080        27.27        -8.66        26.46        17.08       -0.20       -6.63
2025-12-09 13:25:44,709:        23040        27.27        -7.69        25.58        15.96        0.56       -6.66
2025-12-09 13:26:06,066:        24000        27.27        -8.01        25.46        16.49       -0.28       -7.36
2025-12-09 13:26:27,450:        24960        27.27        -7.94        25.89        27.94        0.10       -5.99
2025-12-09 13:26:49,034:        25920        27.27        -7.20        26.89        17.81        0.33       -6.32
2025-12-09 13:27:10,614:        26880        27.27        -7.72        26.91        13.59       -0.03       -6.60
2025-12-09 13:27:31,912:        27840        27.27        -7.28        27.17        21.14        0.36       -5.83
2025-12-09 13:27:37,468:        28800        28.13
2025-12-09 13:27:53,519:        28800        28.13        -7.07        28.13        14.10        0.18       -5.96
2025-12-09 13:27:58,877:        29760        28.21
2025-12-09 13:28:15,274:        29760        28.21        -7.39        28.21        10.03        0.38       -6.18
2025-12-09 13:28:36,656:        30720        28.21        -7.28        27.09        11.98       -0.05       -6.69
2025-12-09 13:28:42,199:        31680        29.33
2025-12-09 13:28:58,147:        31680        29.33        -7.16        29.33        16.97       -0.34       -5.22
2025-12-09 13:29:19,564:        32640        29.33        -6.54        28.43        12.18        0.23       -7.05
2025-12-09 13:29:40,658:        33600        29.33        -7.21        28.81        13.95       -0.07       -5.94
2025-12-09 13:30:02,092:        34560        29.33        -6.32        28.52        13.09       -0.08       -6.16
2025-12-09 13:30:23,261:        35520        29.33        -7.18        29.10        17.55        0.25       -6.65
2025-12-09 13:30:28,558:        36480        29.55
2025-12-09 13:30:44,443:        36480        29.55        -6.93        29.55        17.07        0.05       -6.74
2025-12-09 13:31:05,708:        37440        29.55        -6.94        27.84         7.64       -0.17       -6.78
2025-12-09 13:31:26,982:        38400        29.55        -6.95        27.04        18.42        0.29       -6.42
2025-12-09 13:31:48,246:        39360        29.55        -6.27        29.33        11.06       -0.12       -7.40
2025-12-09 13:31:53,518:        40320        29.97
2025-12-09 13:32:09,514:        40320        29.97        -6.42        29.97         9.33        0.27       -5.93
2025-12-09 13:32:14,813:        41280        32.48
2025-12-09 13:32:30,718:        41280        32.48        -6.07        32.48         7.32        0.22       -7.36
2025-12-09 13:32:51,940:        42240        32.48        -5.98        30.56        12.87       -0.25       -6.33
2025-12-09 13:33:13,333:        43200        32.48        -6.56        26.99         4.82        0.22       -6.60
2025-12-09 13:33:34,834:        44160        32.48        -6.84        31.16         7.37       -0.33       -6.43
2025-12-09 13:33:56,162:        45120        32.48        -6.39        30.57         5.85       -0.03       -6.30
2025-12-09 13:34:17,428:        46080        32.48        -5.65        30.92         8.07        0.58       -6.27
2025-12-09 13:34:38,690:        47040        32.48        -6.34        30.83        14.75       -0.57       -6.01
2025-12-09 13:34:59,984:        48000        32.48        -6.31        32.03        15.72       -0.01       -5.78
2025-12-09 13:35:21,233:        48960        32.48        -5.89        31.43        24.34        0.06       -6.65
2025-12-09 13:35:42,365:        49920        32.48        -6.08        31.57        18.47        0.08       -5.45
2025-12-09 13:36:03,662:        50880        32.48        -6.41        31.63        11.71       -0.07       -5.72
2025-12-09 13:36:08,978:        51840        32.92
2025-12-09 13:36:24,864:        51840        32.92        -6.14        32.92        18.63        0.12       -5.99
2025-12-09 13:36:46,880:        52800        32.92        -6.28        31.13        13.66       -0.04       -5.93
2025-12-09 13:36:52,231:        53760        33.40
2025-12-09 13:37:08,226:        53760        33.40        -6.06        33.40        26.36        0.08       -6.00
2025-12-09 13:37:29,432:        54720        33.40        -5.60        32.90         9.82        0.08       -6.13
2025-12-09 13:37:50,788:        55680        33.40        -5.90        31.32        26.53       -0.16       -5.41
2025-12-09 13:38:12,048:        56640        33.40        -5.91        31.61        10.27       -0.08       -5.49
2025-12-09 13:38:33,236:        57600        33.40        -5.32        30.55        16.85        0.15       -5.73
2025-12-09 13:38:54,407:        58560        33.40        -5.82        32.65        13.48       -0.05       -5.61
2025-12-09 13:39:15,600:        59520        33.40        -5.09        31.85        27.06        0.14       -5.86
2025-12-09 13:39:36,733:        60480        33.40        -6.19        32.62        23.29       -0.30       -6.60
2025-12-09 13:39:57,926:        61440        33.40        -5.44        30.72        16.08       -0.12       -5.57
2025-12-09 13:40:03,234:        62400        33.46
2025-12-09 13:40:19,106:        62400        33.46        -5.91        33.46        11.88        0.47       -6.61
2025-12-09 13:40:40,273:        63360        33.46        -5.54        33.35        14.60        0.13       -5.61
2025-12-09 13:40:45,576:        64320        33.60
2025-12-09 13:41:01,538:        64320        33.60        -5.54        33.60         6.43        0.08       -6.67
2025-12-09 13:41:06,912:        65280        35.84
2025-12-09 13:41:22,837:        65280        35.84        -5.39        35.84         7.42       -0.07       -6.39
2025-12-09 13:41:43,997:        66240        35.84        -5.59        34.05         9.85        0.22       -4.84
2025-12-09 13:42:05,456:        67200        35.84        -5.36        34.11        14.54        0.09       -5.43
2025-12-09 13:42:26,746:        68160        35.84        -5.44        34.75        13.54        0.15       -4.96
2025-12-09 13:42:47,981:        69120        35.84        -5.25        33.15        11.48        0.21       -5.41
2025-12-09 13:42:53,346:        70080        36.48
2025-12-09 13:43:09,298:        70080        36.48        -4.88        36.48         8.94        0.02       -5.93
2025-12-09 13:43:14,575:        71040        36.80
2025-12-09 13:43:30,456:        71040        36.80        -5.18        36.80        11.10        0.28       -4.86
2025-12-09 13:43:51,609:        72000        36.80        -5.11        32.11        16.35        0.17       -5.45
2025-12-09 13:44:12,877:        72960        36.80        -5.39        35.32        11.89        0.07       -4.87
2025-12-09 13:44:34,018:        73920        36.80        -5.11        36.18        15.00       -0.28       -5.35
2025-12-09 13:44:55,159:        74880        36.80        -5.06        35.75        14.79        0.17       -5.64
2025-12-09 13:45:16,283:        75840        36.80        -4.82        36.23        16.73        0.34       -5.31
2025-12-09 13:45:37,391:        76800        36.80        -5.17        35.69        11.54        0.04       -5.26
2025-12-09 13:45:58,562:        77760        36.80        -4.90        35.85        15.62        0.41       -4.29
2025-12-09 13:46:03,958:        78720        36.98
2025-12-09 13:46:19,839:        78720        36.98        -4.75        36.98         7.17       -0.11       -3.81
2025-12-09 13:46:40,996:        79680        36.98        -4.54        36.69         8.94        0.46       -4.89
2025-12-09 13:46:46,382:        80640        40.70
2025-12-09 13:47:02,543:        80640        40.70        -4.57        40.70         8.41       -0.06       -4.44
2025-12-09 13:47:23,734:        81600        40.70        -4.53        34.96         9.46        0.19       -5.15
2025-12-09 13:47:44,820:        82560        40.70        -4.83        37.40        10.99       -0.32       -3.85
2025-12-09 13:48:06,278:        83520        40.70        -4.72        38.30         8.60        0.34       -6.31
2025-12-09 13:48:27,495:        84480        40.70        -4.66        38.74         9.31       -0.09       -4.50
2025-12-09 13:48:48,714:        85440        40.70        -4.40        37.16        18.78       -0.13       -4.49
2025-12-09 13:49:10,008:        86400        40.70        -4.72        36.94         8.85        0.03       -3.84
2025-12-09 13:49:31,187:        87360        40.70        -4.56        37.92        24.69        0.19       -5.38
2025-12-09 13:49:52,333:        88320        40.70        -4.46        38.72        14.33       -0.00       -4.65
2025-12-09 13:50:13,423:        89280        40.70        -4.28        36.08         7.46       -0.09       -3.90
2025-12-09 13:50:34,554:        90240        40.70        -4.32        38.08        11.05        0.18       -4.65
2025-12-09 13:50:55,748:        91200        40.70        -4.34        38.90         9.72        0.23       -4.39
2025-12-09 13:51:01,118:        92160        40.93
2025-12-09 13:51:16,918:        92160        40.93        -4.32        40.93         4.87        0.07       -3.52
2025-12-09 13:51:37,932:        93120        40.93        -4.41        38.26        25.67       -0.08       -4.39
2025-12-09 13:51:59,629:        94080        40.93        -4.15        39.00        13.09        0.20       -3.81
2025-12-09 13:52:20,988:        95040        40.93        -4.43        37.59        12.45       -0.02       -4.84
2025-12-09 13:52:44,761:        96000        40.93        -4.18        39.73        20.09        0.20       -4.07
2025-12-09 13:53:06,378:        96960        40.93        -4.41        38.04        11.70       -0.01       -3.87
2025-12-09 13:53:27,885:        97920        40.93        -4.26        38.96        21.65        0.22       -4.48
2025-12-09 13:53:33,428:        98880        41.57
2025-12-09 13:53:49,511:        98880        41.57        -4.23        41.57        13.30       -0.05       -4.65
2025-12-09 13:54:11,039:        99840        41.57        -4.18        39.40        12.92        0.17       -4.43
2025-12-09 13:54:32,493:       100800        41.57        -3.99        40.67         7.36       -0.02       -4.32
2025-12-09 13:54:53,904:       101760        41.57        -3.99        38.94         7.68        0.39       -4.30
2025-12-09 13:54:59,471:       102720        42.24
2025-12-09 13:55:15,556:       102720        42.24        -4.05        42.24        15.95       -0.17       -3.35
2025-12-09 13:55:36,987:       103680        42.24        -3.88        40.47        11.21       -0.02       -3.91
2025-12-09 13:55:58,557:       104640        42.24        -4.25        40.37        10.31        0.22       -5.10
2025-12-09 13:56:03,989:       105600        42.35
2025-12-09 13:56:20,087:       105600        42.35        -3.74        42.35         8.92        0.27       -3.76
2025-12-09 13:56:25,578:       106560        43.17
2025-12-09 13:56:41,597:       106560        43.17        -3.76        43.17        13.32       -0.01       -4.56
2025-12-09 13:57:03,341:       107520        43.17        -3.92        40.07        14.27        0.07       -3.88
2025-12-09 13:57:25,309:       108480        43.17        -3.70        41.87        11.15       -0.46       -3.39
2025-12-09 13:57:48,832:       109440        43.17        -4.05        41.79         8.57        0.23       -4.37
2025-12-09 13:57:54,414:       110400        43.19
2025-12-09 13:58:11,515:       110400        43.19        -4.06        43.19         9.84        0.34       -4.69
2025-12-09 13:58:33,156:       111360        43.19        -3.72        42.20        12.81       -0.02       -3.63
2025-12-09 13:58:54,859:       112320        43.19        -3.88        40.80        17.62       -0.19       -3.75
2025-12-09 13:59:18,206:       113280        43.19        -3.65        41.21         9.96       -0.25       -2.73
2025-12-09 13:59:41,439:       114240        43.19        -3.90        41.94        20.29        0.49       -3.32
2025-12-09 14:00:04,743:       115200        43.19        -3.92        40.77         4.30       -0.17       -3.82
2025-12-09 14:00:26,340:       116160        43.19        -3.77        41.87         7.60        0.36       -3.32
2025-12-09 14:00:49,336:       117120        43.19        -3.70        42.73        13.10       -0.10       -4.04
2025-12-09 14:00:56,864:       118080        43.47
2025-12-09 14:01:18,756:       118080        43.47        -3.92        43.47         8.32        0.14       -4.08
2025-12-09 14:01:44,807:       119040        43.47        -3.89        43.20        11.43        0.32       -3.42
2025-12-09 14:01:51,191:       120000        46.41
2025-12-09 14:02:13,117:       120000        46.41        -3.78        46.41         7.19        0.20       -3.69
2025-12-09 14:02:36,638:       120960        46.41        -3.85        43.00        14.21        0.15       -4.92
2025-12-09 14:02:59,192:       121920        46.41        -4.01        42.17        17.83       -0.14       -3.56
2025-12-09 14:03:21,532:       122880        46.41        -4.20        42.15        16.03        0.25       -4.16
2025-12-09 14:03:42,988:       123840        46.41        -4.11        41.51        12.07       -0.07       -3.63
2025-12-09 14:04:04,629:       124800        46.41        -3.65        42.29        10.19        0.06       -3.08
2025-12-09 14:04:26,066:       125760        46.41        -3.57        37.93        13.89       -0.04       -3.25
2025-12-09 14:04:47,460:       126720        46.41        -3.55        42.77         7.30        0.25       -3.61
2025-12-09 14:05:09,054:       127680        46.41        -3.95        40.15        12.14       -0.18       -3.94
2025-12-09 14:05:30,542:       128640        46.41        -3.99        41.31        10.11       -0.42       -3.84
2025-12-09 14:05:52,156:       129600        46.41        -3.81        41.21        10.43       -0.62       -3.98
2025-12-09 14:06:13,790:       130560        46.41        -3.71        43.11         4.55        0.24       -3.16
2025-12-09 14:06:35,245:       131520        46.41        -3.74        42.61        12.22       -0.02       -3.75
2025-12-09 14:06:56,746:       132480        46.41        -4.17        40.09         8.87       -0.03       -3.36
2025-12-09 14:07:20,036:       133440        46.41        -3.82        44.01         5.92       -0.16       -3.27
2025-12-09 14:07:43,395:       134400        46.41        -3.77        38.92         4.48       -0.14       -3.49
2025-12-09 14:08:07,053:       135360        46.41        -3.53        40.11        19.14        0.22       -3.88
2025-12-09 14:08:13,058:       136320        46.55
2025-12-09 14:08:30,079:       136320        46.55        -3.49        46.55         5.98       -0.03       -3.47
2025-12-09 14:08:52,578:       137280        46.55        -3.31        43.99         6.48       -0.07       -3.57
2025-12-09 14:09:14,919:       138240        46.55        -3.27        41.21         3.52       -0.27       -3.86
2025-12-09 14:09:20,590:       139200        47.09
2025-12-09 14:09:36,801:       139200        47.09        -3.56        47.09        13.35       -0.16       -3.50
2025-12-09 14:09:58,800:       140160        47.09        -3.65        40.49        12.38       -0.02       -4.26
2025-12-09 14:10:20,728:       141120        47.09        -3.64        45.25        13.32       -0.27       -2.69
2025-12-09 14:10:42,466:       142080        47.09        -3.78        45.04         8.87       -0.32       -4.11
2025-12-09 14:11:04,292:       143040        47.09        -3.33        44.19         8.62       -0.15       -4.20
2025-12-09 14:11:26,155:       144000        47.09        -3.79        45.66        12.75        0.15       -4.10
2025-12-09 14:11:47,389:       144960        47.09        -3.45        42.03         9.37       -0.38       -3.25
2025-12-09 14:12:08,818:       145920        47.09        -3.45        43.72         4.63        0.38       -2.74
2025-12-09 14:12:30,029:       146880        47.09        -3.78        42.38        12.05        0.14       -2.56
2025-12-09 14:12:51,431:       147840        47.09        -3.42        45.55        12.81        0.03       -2.99
2025-12-09 14:13:12,799:       148800        47.09        -3.31        43.68         9.01       -0.17       -4.42
2025-12-09 14:13:34,332:       149760        47.09        -3.21        45.24         7.74        0.06       -3.31
2025-12-09 14:13:55,645:       150720        47.09        -3.32        46.54        11.32        0.17       -3.27
2025-12-09 14:14:16,944:       151680        47.09        -3.46        46.23        13.23       -0.33       -2.95
2025-12-09 14:14:38,293:       152640        47.09        -3.35        44.82         9.24       -0.52       -2.42
2025-12-09 14:14:43,652:       153600        47.60
2025-12-09 14:14:59,939:       153600        47.60        -3.13        47.60        10.13        0.19       -2.87
2025-12-09 14:15:21,430:       154560        47.60        -3.24        46.54        12.94        0.55       -3.29
2025-12-09 14:15:26,770:       155520        49.28
2025-12-09 14:15:43,006:       155520        49.28        -3.09        49.28         7.57       -0.51       -3.61
2025-12-09 14:16:07,422:       156480        49.28        -3.04        47.85         4.38        0.23       -2.80
2025-12-09 14:16:34,312:       157440        49.28        -3.14        48.70         9.68       -0.30       -3.53
2025-12-09 14:17:01,772:       158400        49.28        -2.95        42.09         5.84       -0.41       -2.70
2025-12-09 14:17:28,648:       159360        49.28        -3.10        46.20        15.75        0.45       -2.71
2025-12-09 14:17:55,534:       160320        49.28        -3.53        46.05        11.08        0.31       -2.64
2025-12-09 14:18:22,804:       161280        49.28        -2.98        47.52         3.57       -0.25       -3.07
2025-12-09 14:18:49,302:       162240        49.28        -3.03        48.17         3.38        0.07       -2.46
2025-12-09 14:19:16,020:       163200        49.28        -3.03        44.81         5.74       -0.03       -3.19
2025-12-09 14:19:42,931:       164160        49.28        -3.06        46.42         4.01       -0.03       -3.66
2025-12-09 14:20:09,860:       165120        49.28        -2.98        48.42        13.64       -0.14       -2.94
2025-12-09 14:20:36,609:       166080        49.28        -3.34        48.02         6.07        0.03       -4.02
2025-12-09 14:21:02,711:       167040        49.28        -2.86        47.13         8.79       -0.24       -2.38
2025-12-09 14:21:26,832:       168000        49.28        -3.49        46.25        14.71       -0.04       -3.51
2025-12-09 14:21:49,992:       168960        49.28        -3.38        44.95         8.71       -0.09       -2.60
2025-12-09 14:22:12,757:       169920        49.28        -3.12        45.06        14.35       -0.47       -2.99
2025-12-09 14:22:35,575:       170880        49.28        -2.96        47.90         9.21       -0.13       -3.01
2025-12-09 14:22:57,682:       171840        49.28        -3.22        45.99        13.12        0.48       -3.36
2025-12-09 14:23:20,151:       172800        49.28        -3.08        47.90        15.46        0.12       -2.06
2025-12-09 14:23:25,647:       173760        49.64
2025-12-09 14:23:41,794:       173760        49.64        -2.95        49.64        16.22       -0.00       -2.37
2025-12-09 14:24:05,985:       174720        49.64        -3.23        46.17        13.80        0.36       -3.23
2025-12-09 14:24:29,298:       175680        49.64        -3.21        46.05         9.78       -0.65       -2.50
2025-12-09 14:24:52,921:       176640        49.64        -3.12        45.95        15.12        0.03       -2.26
2025-12-09 14:25:16,272:       177600        49.64        -2.90        47.56        11.01        0.12       -2.96
2025-12-09 14:25:38,880:       178560        49.64        -2.88        48.57         4.21       -0.08       -2.62
2025-12-09 14:26:01,541:       179520        49.64        -2.98        48.12        15.31        0.36       -3.37
2025-12-09 14:26:24,346:       180480        49.64        -2.82        47.78         8.43       -0.26       -3.02
2025-12-09 14:26:47,912:       181440        49.64        -2.94        47.95         8.93        0.56       -2.92
2025-12-09 14:27:11,082:       182400        49.64        -2.94        49.51        14.43        0.83       -3.13
2025-12-09 14:27:17,192:       183360        50.29
2025-12-09 14:27:34,153:       183360        50.29        -3.09        50.29        27.76       -0.29       -2.69
2025-12-09 14:27:57,334:       184320        50.29        -2.80        48.57         5.66       -0.00       -2.29
2025-12-09 14:28:20,413:       185280        50.29        -2.84        47.88        10.57        0.04       -2.95
2025-12-09 14:28:42,601:       186240        50.29        -2.83        49.99         7.87        0.07       -2.23
2025-12-09 14:28:48,251:       187200        51.13
2025-12-09 14:29:04,653:       187200        51.13        -2.62        51.13         9.95        0.05       -2.80
2025-12-09 14:29:27,680:       188160        51.13        -2.74        48.95         4.85        0.07       -2.22
2025-12-09 14:29:50,132:       189120        51.13        -2.98        50.04        10.68        0.07       -2.85
2025-12-09 14:30:12,648:       190080        51.13        -2.92        50.97        17.92        0.02       -2.14
2025-12-09 14:30:35,524:       191040        51.13        -2.71        50.83         7.02        0.14       -2.40
2025-12-09 14:30:58,500:       192000        51.13        -2.58        50.04        10.57       -0.20       -3.17
2025-12-09 14:31:20,456:       192960        51.13        -2.74        51.08        12.99        0.26       -2.34
2025-12-09 14:31:42,103:       193920        51.13        -2.70        49.90         9.32        0.11       -3.07
2025-12-09 14:31:47,745:       194880        51.44
2025-12-09 14:32:04,087:       194880        51.44        -2.64        51.44         4.38        0.10       -1.61
2025-12-09 14:32:25,694:       195840        51.44        -2.98        49.56        13.21        0.08       -2.74
2025-12-09 14:32:48,570:       196800        51.44        -2.97        49.30        15.46        0.24       -2.71
2025-12-09 14:32:54,457:       197760        51.68
2025-12-09 14:33:11,879:       197760        51.68        -2.54        51.68        11.17        0.20       -2.97
2025-12-09 14:33:36,750:       198720        51.68        -2.61        47.83         4.92        0.40       -2.67
2025-12-09 14:33:59,190:       199680        51.68        -2.55        51.25        10.87       -0.31       -3.05
2025-12-09 14:34:22,562:       200640        51.68        -2.48        50.61         5.79        0.16       -2.99
2025-12-09 14:34:45,598:       201600        51.68        -2.53        50.04         7.21        0.11       -2.76
2025-12-09 14:35:08,065:       202560        51.68        -2.71        47.75        10.77        0.08       -3.30
2025-12-09 14:35:31,639:       203520        51.68        -2.58        51.45         6.53        0.33       -2.77
2025-12-09 14:35:37,418:       204480        54.26
2025-12-09 14:35:54,367:       204480        54.26        -2.54        54.26         7.09       -0.19       -1.97
2025-12-09 14:36:16,431:       205440        54.26        -2.92        49.13         6.62        0.17       -3.17
2025-12-09 14:36:38,753:       206400        54.26        -2.53        53.29         3.01        0.18       -1.98
2025-12-09 14:37:00,251:       207360        54.26        -2.51        49.46         9.58       -0.14       -2.86
2025-12-09 14:37:22,806:       208320        54.26        -2.70        50.51         4.11       -0.06       -2.00
2025-12-09 14:37:45,861:       209280        54.26        -2.67        50.68         7.03       -0.14       -2.80
2025-12-09 14:38:09,388:       210240        54.26        -2.78        50.07         8.88        0.17       -2.16
2025-12-09 14:38:32,667:       211200        54.26        -2.60        51.66         6.06       -0.33       -2.29
2025-12-09 14:38:54,352:       212160        54.26        -2.56        49.82         5.62        0.12       -2.08
2025-12-09 14:39:15,922:       213120        54.26        -2.79        51.28         9.61        0.11       -2.64
2025-12-09 14:39:37,443:       214080        54.26        -2.45        50.91         4.92        0.19       -1.44
2025-12-09 14:39:59,176:       215040        54.26        -2.50        53.14         7.77       -0.01       -3.78
2025-12-09 14:40:05,245:       216000        55.65
2025-12-09 14:40:22,234:       216000        55.65        -2.47        55.65        12.66       -0.03       -1.88
2025-12-09 14:40:44,684:       216960        55.65        -2.62        53.65         5.05        0.16       -3.18
2025-12-09 14:41:07,251:       217920        55.65        -2.54        53.30         5.00       -0.01       -2.82
2025-12-09 14:41:29,654:       218880        55.65        -2.64        51.75        11.81       -0.02       -2.65
2025-12-09 14:41:52,718:       219840        55.65        -2.40        51.99         9.19       -0.05       -2.58
2025-12-09 14:42:15,440:       220800        55.65        -2.53        50.34        10.98       -0.09       -2.15
