2025-12-09 11:56:31,005:         Step      maxGoal    expReturn      expGoal   CriticLoss    ActorLoss      LogProb
2025-12-09 11:56:38,366:          960        17.88
2025-12-09 11:56:55,121:          960        17.88       -12.68        17.88        86.66       -0.01       -6.95
2025-12-09 11:57:00,783:         1920        18.88
2025-12-09 11:57:18,078:         1920        18.88       -14.08        18.88        83.51        0.13       -6.74
2025-12-09 11:57:24,362:         2880        19.69
2025-12-09 11:57:41,409:         2880        19.69       -12.86        19.69        60.33        0.41       -7.05
2025-12-09 11:58:03,186:         3840        19.69       -13.53        18.67        29.91        0.15       -6.86
2025-12-09 11:58:24,556:         4800        19.69       -12.29        18.28        24.78       -0.03       -7.55
2025-12-09 11:58:46,975:         5760        19.69       -11.28        19.45        15.96       -0.06       -6.86
2025-12-09 11:58:52,652:         6720        19.71
2025-12-09 11:59:09,603:         6720        19.71       -12.41        19.71        20.11       -0.16       -6.87
2025-12-09 11:59:15,445:         7680        20.93
2025-12-09 11:59:31,444:         7680        20.93       -10.97        20.93        20.44       -0.33       -6.59
2025-12-09 11:59:52,652:         8640        20.93       -11.19        20.31        15.40        0.13       -7.48
2025-12-09 12:00:13,959:         9600        20.93       -10.99        20.73        31.03        0.24       -6.84
2025-12-09 12:00:19,427:        10560        21.40
2025-12-09 12:00:35,416:        10560        21.40       -10.17        21.40        15.25        0.04       -6.64
2025-12-09 12:00:41,449:        11520        22.10
2025-12-09 12:00:57,350:        11520        22.10       -10.72        22.10        24.64       -0.27       -7.33
2025-12-09 12:01:18,478:        12480        22.10        -9.58        21.91        30.22        0.37       -6.89
2025-12-09 12:01:23,805:        13440        22.39
2025-12-09 12:01:39,502:        13440        22.39        -9.21        22.39        14.36        0.29       -6.49
2025-12-09 12:01:44,759:        14400        22.82
2025-12-09 12:02:00,574:        14400        22.82        -9.31        22.82        11.30        0.16       -6.65
2025-12-09 12:02:05,948:        15360        22.88
2025-12-09 12:02:21,592:        15360        22.88       -10.02        22.88        20.98        0.04       -7.13
2025-12-09 12:02:42,554:        16320        22.88        -8.65        22.48        13.57       -0.10       -6.54
2025-12-09 12:02:47,936:        17280        24.98
2025-12-09 12:03:03,726:        17280        24.98        -8.90        24.98        14.38        0.04       -6.67
2025-12-09 12:03:09,166:        18240        25.08
2025-12-09 12:03:24,861:        18240        25.08        -9.07        25.08        25.16        0.49       -6.89
2025-12-09 12:03:45,713:        19200        25.08        -8.79        23.55        16.75        0.31       -6.68
2025-12-09 12:04:06,733:        20160        25.08        -8.75        24.48        20.97       -0.03       -7.60
2025-12-09 12:08:29,448:         Step      maxGoal    expReturn      expGoal   CriticLoss    ActorLoss      LogProb
2025-12-09 12:08:29,961: Load models from directory: ./saves/100_100_100000_10_0.1_0.5_0/
2025-12-09 12:08:30,149: Models successfully loaded from ./saves/100_100_100000_10_0.1_0.5_0/
2025-12-09 12:08:37,376:        21128        24.88
2025-12-09 12:08:54,057:        21128        24.88        -8.28        24.88        17.00       -0.08       -5.99
2025-12-09 12:08:59,587:        22096        25.69
2025-12-09 12:09:15,819:        22096        25.69        -8.27        25.69        13.24       -0.03       -6.79
2025-12-09 12:09:36,864:        23064        25.69        -8.41        24.02        15.54        0.26       -6.41
2025-12-09 12:09:57,891:        24032        25.69        -7.82        25.41        12.14        0.19       -6.44
2025-12-09 12:10:03,222:        25000        26.70
2025-12-09 12:10:18,990:        25000        26.70        -7.83        26.70         9.34        0.22       -6.72
2025-12-09 12:10:39,981:        25968        26.70        -8.62        25.63        12.51       -0.28       -6.65
2025-12-09 12:11:01,355:        26936        26.70        -8.17        26.41        13.52        0.27       -6.96
2025-12-09 12:11:06,686:        27904        27.02
2025-12-09 12:11:23,535:        27904        27.02        -8.47        27.02        24.28        0.06       -6.55
2025-12-09 12:11:29,005:        28872        27.35
2025-12-09 12:11:44,932:        28872        27.35        -7.33        27.35        22.84       -0.06       -6.03
2025-12-09 12:12:06,345:        29840        27.35        -7.16        26.72        11.09        0.08       -6.09
2025-12-09 12:12:11,741:        30808        28.38
2025-12-09 12:12:27,822:        30808        28.38        -7.39        28.38        17.34        0.10       -6.18
2025-12-09 12:12:49,090:        31776        28.38        -7.18        27.01        10.36        0.28       -6.43
2025-12-09 12:12:54,573:        32744        28.81
2025-12-09 12:13:10,699:        32744        28.81        -6.75        28.81        17.10        0.35       -6.88
2025-12-09 12:13:32,069:        33712        28.81        -6.61        27.77        13.66        0.21       -6.32
2025-12-09 12:13:53,341:        34680        28.81        -7.14        28.25        16.49        0.17       -5.94
2025-12-09 12:13:59,093:        35648        29.99
2025-12-09 12:14:16,355:        35648        29.99        -7.44        29.99        17.86        0.50       -6.29
2025-12-09 12:14:38,539:        36616        29.99        -6.75        29.15         3.45        0.28       -6.35
2025-12-09 12:15:00,187:        37584        29.99        -6.19        29.44         2.71       -0.14       -6.18
2025-12-09 12:15:22,799:        38552        29.99        -6.92        29.00        14.82        0.01       -5.91
2025-12-09 12:15:28,936:        39520        30.62
2025-12-09 12:15:52,439:        39520        30.62        -6.68        30.62        13.96       -0.31       -6.10
2025-12-09 12:16:22,651:        40488        30.62        -6.58        30.09         9.27        0.23       -6.28
2025-12-09 12:18:06,789:         Step      maxGoal    expReturn      expGoal   CriticLoss    ActorLoss      LogProb
2025-12-09 12:18:07,319: Load models from directory: ./saves/100_100_100000_10zu20_0.1_0.5_0/
2025-12-09 12:18:07,491: Models successfully loaded from ./saves/100_100_100000_10zu20_0.1_0.5_0/
2025-12-09 12:18:14,980:        41448        30.08
2025-12-09 12:18:32,601:        41448        30.08        -6.80        30.08        20.19        0.23       -6.15
2025-12-09 12:18:54,928:        42408        30.08        -6.46        29.88        11.83        0.37       -6.06
2025-12-09 12:19:00,598:        43368        31.63
2025-12-09 12:19:16,852:        43368        31.63        -6.31        31.63         8.43       -0.21       -5.28
2025-12-09 12:19:38,870:        44328        31.63        -6.37        29.60         8.03        0.02       -6.10
2025-12-09 12:19:44,333:        45288        32.06
2025-12-09 12:20:00,352:        45288        32.06        -6.04        32.06        11.46        0.28       -5.85
2025-12-09 12:20:21,437:        46248        32.06        -5.99        31.48        17.83        0.42       -5.29
2025-12-09 12:20:26,786:        47208        33.43
2025-12-09 12:20:42,588:        47208        33.43        -6.61        33.43        15.50        0.24       -5.71
2025-12-09 12:21:03,752:        48168        33.43        -5.57        32.38         3.63       -0.02       -5.41
2025-12-09 12:21:26,138:        49128        33.43        -5.65        31.80         9.36        0.43       -5.51
2025-12-09 12:21:31,759:        50088        33.54
2025-12-09 12:21:48,090:        50088        33.54        -6.08        33.54         7.20        0.06       -5.40
2025-12-09 12:22:09,746:        51048        33.54        -5.01        32.51         8.25        0.19       -4.21
2025-12-09 12:22:15,290:        52008        35.74
2025-12-09 12:22:31,379:        52008        35.74        -5.45        35.74        12.64        0.59       -5.47
2025-12-09 12:22:52,572:        52968        35.74        -5.22        35.03         4.60       -0.01       -4.92
2025-12-09 12:22:58,342:        53928        38.48
2025-12-09 12:23:14,593:        53928        38.48        -5.29        38.48        12.42        0.15       -5.17
2025-12-09 12:23:37,027:        54888        38.48        -4.81        33.73         7.93        0.17       -3.92
2025-12-09 12:23:59,182:        55848        38.48        -5.14        34.45         3.32       -0.42       -5.36
2025-12-09 12:24:20,993:        56808        38.48        -5.41        36.13         6.83        0.36       -5.34
2025-12-09 12:24:42,552:        57768        38.48        -5.03        37.04         6.37        0.11       -4.41
2025-12-09 12:25:03,664:        58728        38.48        -4.63        38.05         8.13        0.25       -4.33
2025-12-09 12:25:25,312:        59688        38.48        -4.60        36.74         5.61        0.10       -4.89
2025-12-09 12:25:46,365:        60648        38.48        -4.59        37.71         7.32       -0.15       -5.03
2025-12-09 12:27:35,347:         Step      maxGoal    expReturn      expGoal   CriticLoss    ActorLoss      LogProb
2025-12-09 12:27:35,829: Load models from directory: ./saves/100_100_100000_10zu20_0.1_0.5_0/
2025-12-09 12:27:36,037: Models successfully loaded from ./saves/100_100_100000_10zu20_0.1_0.5_0/
2025-12-09 12:27:43,421:        61584        35.39
2025-12-09 12:27:59,732:        61584        35.39        -5.56        35.39        14.77        0.14       -4.76
2025-12-09 12:28:20,702:        62520        35.39        -5.06        35.36         2.73       -0.07       -4.80
2025-12-09 12:28:41,462:        63456        35.39        -5.03        34.93         2.39       -0.05       -5.03
2025-12-09 12:28:47,216:        64392        35.48
2025-12-09 12:29:03,258:        64392        35.48        -4.83        35.48         6.60        0.10       -4.14
2025-12-09 12:29:09,081:        65328        35.93
2025-12-09 12:29:24,724:        65328        35.93        -4.80        35.93         5.37        0.22       -5.28
2025-12-09 12:29:45,577:        66264        35.93        -4.78        34.67         9.00        0.14       -5.55
2025-12-09 12:29:51,032:        67200        36.65
2025-12-09 12:30:06,489:        67200        36.65        -4.64        36.65         5.97        0.26       -4.96
2025-12-09 12:30:11,883:        68136        37.87
2025-12-09 12:30:27,227:        68136        37.87        -4.79        37.87         9.86        0.09       -5.24
2025-12-09 12:30:47,906:        69072        37.87        -4.75        36.83         4.28       -0.25       -5.60
2025-12-09 12:30:53,342:        70008        38.45
2025-12-09 12:31:08,765:        70008        38.45        -4.59        38.45         4.21        0.03       -4.04
2025-12-09 12:31:30,379:        70944        38.45        -4.29        38.27         4.20       -0.29       -3.50
2025-12-09 12:31:35,792:        71880        39.35
2025-12-09 12:31:51,958:        71880        39.35        -4.64        39.35        10.66       -0.02       -3.83
2025-12-09 12:32:12,922:        72816        39.35        -4.11        38.42         5.82        0.35       -4.91
2025-12-09 12:32:18,314:        73752        41.69
2025-12-09 12:32:33,847:        73752        41.69        -4.40        41.69        17.82       -0.08       -3.57
2025-12-09 12:32:54,767:        74688        41.69        -4.18        39.51         6.42        0.06       -5.81
2025-12-09 12:33:16,047:        75624        41.69        -4.06        40.15        11.84       -0.24       -4.82
2025-12-09 12:33:37,046:        76560        41.69        -4.13        39.75         6.45        0.04       -3.94
2025-12-09 12:33:58,409:        77496        41.69        -4.06        40.44         6.67        0.12       -3.81
2025-12-09 12:34:19,436:        78432        41.69        -4.04        37.39         7.95       -0.22       -3.85
2025-12-09 12:34:24,975:        79368        41.90
2025-12-09 12:34:40,484:        79368        41.90        -4.06        41.90        12.87        0.33       -4.63
2025-12-09 12:34:45,915:        80304        42.70
2025-12-09 12:35:01,561:        80304        42.70        -4.12        42.70         5.69        0.42       -3.78
2025-12-09 12:35:17,688:         Step      maxGoal    expReturn      expGoal   CriticLoss    ActorLoss      LogProb
2025-12-09 12:35:18,200: Load models from directory: ./saves/100_100_100000_10zu20_0.1_0.5_0/
2025-12-09 12:35:18,407: Models successfully loaded from ./saves/100_100_100000_10zu20_0.1_0.5_0/
2025-12-09 12:35:25,458:        81200        43.47
2025-12-09 12:35:40,561:        81200        43.47        -3.36        43.47         7.27        0.37       -3.18
2025-12-09 12:36:00,798:        82096        43.47        -3.84        41.77         4.04       -0.50       -3.56
2025-12-09 12:36:06,218:        82992        44.11
2025-12-09 12:36:20,935:        82992        44.11        -3.73        44.11         3.12        0.17       -3.28
2025-12-09 12:36:41,037:        83888        44.11        -3.44        42.52         5.64       -0.05       -3.31
2025-12-09 12:36:46,431:        84784        44.39
2025-12-09 12:37:01,468:        84784        44.39        -3.44        44.39         2.25       -0.24       -3.39
2025-12-09 12:37:21,628:        85680        44.39        -3.56        42.98         5.31        0.27       -4.69
2025-12-09 12:37:27,066:        86576        44.48
2025-12-09 12:37:41,824:        86576        44.48        -3.81        44.48         5.20       -0.01       -3.36
2025-12-09 12:38:01,997:        87472        44.48        -3.48        43.50         7.17        0.03       -3.93
2025-12-09 12:38:07,367:        88368        46.40
2025-12-09 12:38:22,131:        88368        46.40        -3.32        46.40         1.70       -0.27       -3.03
2025-12-09 12:38:42,607:        89264        46.40        -3.56        45.15         2.72       -0.09       -3.28
2025-12-09 12:39:03,371:        90160        46.40        -3.52        43.27         3.88        0.57       -3.13
2025-12-09 12:39:23,795:        91056        46.40        -3.48        42.51         3.25        0.31       -3.94
2025-12-09 12:39:43,886:        91952        46.40        -3.49        44.98         2.52        0.17       -3.36
2025-12-09 12:40:04,076:        92848        46.40        -3.40        46.21         2.36       -0.10       -3.21
2025-12-09 12:40:24,170:        93744        46.40        -3.43        42.52         3.62       -0.17       -3.24
2025-12-09 12:40:44,196:        94640        46.40        -3.18        43.66         2.30        0.16       -3.61
2025-12-09 12:40:49,658:        95536        46.85
2025-12-09 12:41:04,481:        95536        46.85        -3.39        46.85         5.27        0.05       -2.78
2025-12-09 12:41:24,756:        96432        46.85        -3.38        43.58         1.42        0.10       -3.81
2025-12-09 12:41:44,819:        97328        46.85        -3.23        46.02         3.42        0.08       -2.80
2025-12-09 12:41:50,271:        98224        47.05
2025-12-09 12:42:05,079:        98224        47.05        -3.35        47.05         1.73       -0.19       -2.66
2025-12-09 12:42:25,092:        99120        47.05        -3.39        45.77         7.97       -0.28       -3.32
2025-12-09 12:42:45,079:       100016        47.05        -3.26        46.84         4.89        0.11       -1.77
2025-12-09 12:43:15,957:         Step      maxGoal    expReturn      expGoal   CriticLoss    ActorLoss      LogProb
2025-12-09 12:43:16,479: Load models from directory: ./saves/100_100_100000_10zu20_0.1_0.5_0/
2025-12-09 12:43:16,680: Models successfully loaded from ./saves/100_100_100000_10zu20_0.1_0.5_0/
2025-12-09 12:43:24,024:       100976        43.56
2025-12-09 12:43:40,571:       100976        43.56        -3.33        43.56         0.85       -0.03       -2.65
2025-12-09 12:43:46,210:       101936        45.00
2025-12-09 12:44:03,616:       101936        45.00        -3.13        45.00         8.38        0.04       -2.82
2025-12-09 12:44:09,228:       102896        46.29
2025-12-09 12:44:25,471:       102896        46.29        -3.19        46.29         3.04        0.02       -2.17
2025-12-09 12:44:31,015:       103856        47.29
2025-12-09 12:44:47,177:       103856        47.29        -3.11        47.29         9.95        0.10       -3.05
2025-12-09 12:45:09,111:       104816        47.29        -3.32        46.95         6.02        0.27       -2.51
2025-12-09 12:45:31,498:       105776        47.29        -3.39        44.19         4.07        0.15       -3.90
2025-12-09 12:45:53,597:       106736        47.29        -3.10        46.66         3.51       -0.13       -3.19
2025-12-09 12:46:14,964:       107696        47.29        -3.15        44.20         6.30        0.54       -2.65
2025-12-09 12:46:36,211:       108656        47.29        -3.00        47.06         5.32       -0.30       -2.55
2025-12-09 12:46:41,706:       109616        49.05
2025-12-09 12:46:57,620:       109616        49.05        -2.96        49.05         5.59       -0.30       -2.92
2025-12-09 12:47:18,824:       110576        49.05        -3.06        44.84         2.96       -0.17       -2.75
2025-12-09 12:47:40,017:       111536        49.05        -2.93        47.76         0.94        0.02       -3.13
2025-12-09 12:48:01,464:       112496        49.05        -3.04        48.39         3.00       -0.41       -3.16
2025-12-09 12:48:22,763:       113456        49.05        -2.86        48.24         1.06       -0.10       -2.94
2025-12-09 12:48:28,127:       114416        49.09
2025-12-09 12:48:44,027:       114416        49.09        -3.11        49.09         3.15        0.04       -3.25
2025-12-09 12:49:05,266:       115376        49.09        -2.98        47.80         2.68       -0.12       -2.39
2025-12-09 12:49:26,435:       116336        49.09        -3.02        45.81         2.87       -0.12       -2.33
2025-12-09 12:49:48,323:       117296        49.09        -2.98        47.65         3.19       -0.06       -2.14
2025-12-09 12:50:09,777:       118256        49.09        -2.97        46.44         2.09        0.02       -2.77
2025-12-09 12:50:31,039:       119216        49.09        -3.08        46.90         4.17       -0.33       -2.57
2025-12-09 12:50:52,171:       120176        49.09        -2.90        41.67         5.51        0.35       -2.63
2025-12-09 12:51:08,817:         Step      maxGoal    expReturn      expGoal   CriticLoss    ActorLoss      LogProb
2025-12-09 12:51:09,334: Load models from directory: ./saves/100_100_100000_10zu20_0.1_0.5_0/
2025-12-09 12:51:09,550: Models successfully loaded from ./saves/100_100_100000_10zu20_0.1_0.5_0/
2025-12-09 12:51:17,019:       121072        46.85
2025-12-09 12:51:33,377:       121072        46.85        -2.90        46.85         2.01        0.15       -3.25
2025-12-09 12:51:53,444:       121968        46.85        -2.77        46.63         3.29       -0.04       -2.17
2025-12-09 12:51:58,828:       122864        49.98
2025-12-09 12:52:13,695:       122864        49.98        -2.70        49.98         1.73        0.31       -2.01
2025-12-09 12:52:19,063:       123760        51.42
2025-12-09 12:52:33,849:       123760        51.42        -2.55        51.42         2.92       -0.09       -2.89
2025-12-09 12:52:54,008:       124656        51.42        -2.72        51.03         3.47        0.18       -2.45
2025-12-09 12:53:14,178:       125552        51.42        -2.76        49.35         1.73       -0.05       -2.28
2025-12-09 12:53:34,673:       126448        51.42        -2.75        48.27         6.43        0.19       -2.11
2025-12-09 12:53:54,767:       127344        51.42        -2.57        51.37         4.92       -0.46       -2.63
2025-12-09 12:54:00,224:       128240        53.10
2025-12-09 12:54:15,301:       128240        53.10        -2.69        53.10         5.58        0.70       -1.99
2025-12-09 12:54:35,451:       129136        53.10        -3.14        46.73         6.20        0.28       -3.01
2025-12-09 12:54:55,964:       130032        53.10        -2.97        49.71         2.26        0.10       -3.27
2025-12-09 12:55:16,220:       130928        53.10        -3.07        47.10         4.22        0.50       -3.44
2025-12-09 12:55:36,412:       131824        53.10        -2.96        47.44         2.86        0.53       -3.45
2025-12-09 12:55:56,983:       132720        53.10        -3.02        49.84         2.57       -0.21       -2.81
2025-12-09 12:56:17,231:       133616        53.10        -2.87        48.10         4.51        0.42       -3.02
2025-12-09 12:56:37,423:       134512        53.10        -2.72        52.13         3.33        0.09       -3.29
2025-12-09 12:56:57,556:       135408        53.10        -2.66        50.73         2.60        0.04       -3.55
2025-12-09 12:57:18,128:       136304        53.10        -2.74        47.75         0.98        0.12       -2.02
2025-12-09 12:57:38,438:       137200        53.10        -2.71        49.98         1.84        0.03       -3.27
2025-12-09 12:57:43,876:       138096        55.25
2025-12-09 12:57:58,718:       138096        55.25        -2.46        55.25         2.22        0.17       -3.47
2025-12-09 12:58:18,775:       138992        55.25        -2.71        52.84         6.06        0.38       -2.72
2025-12-09 12:58:39,197:       139888        55.25        -2.48        52.19         1.21       -0.21       -2.43
2025-12-09 12:58:59,402:       140784        55.25        -2.49        52.03         1.59        0.11       -2.67
2025-12-09 12:59:18,862:         Step      maxGoal    expReturn      expGoal   CriticLoss    ActorLoss      LogProb
2025-12-09 12:59:19,368: Load models from directory: ./saves/100_100_100000_10zu20_0.1_0.5_0/
2025-12-09 12:59:19,562: Models successfully loaded from ./saves/100_100_100000_10zu20_0.1_0.5_0/
2025-12-09 12:59:26,702:       141736        52.18
2025-12-09 12:59:42,859:       141736        52.18        -2.83        52.18         5.96        0.02       -3.44
2025-12-09 13:00:04,527:       142688        52.18        -2.60        49.73         2.19       -0.04       -3.28
2025-12-09 13:00:26,119:       143640        52.18        -2.47        50.93         0.97       -0.23       -2.30
2025-12-09 13:00:48,632:       144592        52.18        -2.50        49.80         2.06        0.31       -3.18
2025-12-09 13:01:09,985:       145544        52.18        -2.61        51.61         2.82       -0.16       -2.80
2025-12-09 13:01:31,300:       146496        52.18        -2.56        52.07         2.13        0.24       -3.46
2025-12-09 13:01:36,782:       147448        53.69
2025-12-09 13:01:52,665:       147448        53.69        -2.61        53.69         2.76        0.14       -2.93
2025-12-09 13:02:13,943:       148400        53.69        -2.66        51.91         2.29       -0.21       -2.38
2025-12-09 13:02:35,152:       149352        53.69        -2.54        52.11         2.51        0.11       -2.77
2025-12-09 13:02:56,709:       150304        53.69        -2.36        49.82         0.71        0.36       -3.08
2025-12-09 13:03:17,975:       151256        53.69        -2.50        52.17         4.74        0.27       -2.50
2025-12-09 13:03:39,618:       152208        53.69        -2.67        49.13         5.23       -0.03       -2.15
2025-12-09 13:03:45,066:       153160        55.34
2025-12-09 13:04:01,105:       153160        55.34        -2.38        55.34         2.41        0.03       -2.44
2025-12-09 13:04:22,445:       154112        55.34        -2.33        50.41         7.19        0.16       -2.40
2025-12-09 13:04:44,078:       155064        55.34        -2.66        51.43         0.73       -0.07       -3.22
2025-12-09 13:05:05,401:       156016        55.34        -2.42        50.43         3.10        0.06       -2.31
2025-12-09 13:05:27,388:       156968        55.34        -2.45        54.57         5.43        0.09       -2.55
2025-12-09 13:05:48,712:       157920        55.34        -2.41        53.95         1.34       -0.50       -2.49
2025-12-09 13:06:10,514:       158872        55.34        -2.71        48.96         2.44       -0.51       -2.22
2025-12-09 13:06:31,748:       159824        55.34        -2.34        52.74         2.57        0.13       -2.02
2025-12-09 13:06:52,950:       160776        55.34        -2.54        50.17         1.01        0.28       -2.53
2025-12-09 13:07:40,335:         Step      maxGoal    expReturn      expGoal   CriticLoss    ActorLoss      LogProb
2025-12-09 13:07:40,867: Load models from directory: ./saves/100_100_100000_10zu20_0.1_0.5_0/
2025-12-09 13:07:41,053: Models successfully loaded from ./saves/100_100_100000_10zu20_0.1_0.5_0/
2025-12-09 13:07:48,317:       161640        52.42
2025-12-09 13:08:03,245:       161640        52.42        -2.62        52.42         5.52        0.15       -2.31
2025-12-09 13:08:08,743:       162504        53.43
2025-12-09 13:08:23,325:       162504        53.43        -2.63        53.43         4.48       -0.16       -2.30
2025-12-09 13:08:28,888:       163368        54.73
2025-12-09 13:08:43,631:       163368        54.73        -2.43        54.73         2.97        0.11       -2.13
2025-12-09 13:09:04,085:       164232        54.73        -2.26        54.37         1.04        0.01       -2.47
2025-12-09 13:09:23,984:       165096        54.73        -2.35        53.92         0.97        0.00       -2.29
2025-12-09 13:09:43,742:       165960        54.73        -2.48        52.32         5.92        0.37       -2.35
2025-12-09 13:10:03,670:       166824        54.73        -2.63        53.25         8.30        0.07       -1.97
2025-12-09 13:10:23,461:       167688        54.73        -2.45        51.97         1.13        0.02       -1.60
2025-12-09 13:10:29,010:       168552        55.58
2025-12-09 13:10:43,441:       168552        55.58        -2.26        55.58         2.82        0.23       -2.20
2025-12-09 13:11:03,459:       169416        55.58        -2.47        53.35         5.23        0.26       -2.41
2025-12-09 13:11:24,070:       170280        55.58        -2.30        53.49         2.49       -0.01       -1.85
2025-12-09 13:11:43,855:       171144        55.58        -2.57        51.55         3.30        0.01       -2.52
2025-12-09 13:12:03,738:       172008        55.58        -2.41        52.72         0.90       -0.01       -1.89
2025-12-09 13:12:23,346:       172872        55.58        -2.56        54.59         4.16       -0.30       -1.65
2025-12-09 13:12:43,642:       173736        55.58        -2.46        54.65         4.36        0.03       -3.14
2025-12-09 13:13:04,537:       174600        55.58        -2.48        54.54         3.26       -0.44       -2.27
2025-12-09 13:13:09,954:       175464        55.95
2025-12-09 13:13:24,895:       175464        55.95        -2.21        55.95         2.72       -0.41       -3.19
2025-12-09 13:13:44,717:       176328        55.95        -2.33        51.18         2.70       -0.07       -2.33
2025-12-09 13:14:05,313:       177192        55.95        -2.19        53.30         2.20        0.28       -1.55
2025-12-09 13:14:25,236:       178056        55.95        -2.48        53.27         4.28        0.06       -1.49
2025-12-09 13:14:45,993:       178920        55.95        -2.41        54.01         3.21        0.47       -2.24
2025-12-09 13:15:06,527:       179784        55.95        -2.38        51.16         3.56        0.12       -2.20
2025-12-09 13:15:12,247:       180648        57.56
2025-12-09 13:15:27,058:       180648        57.56        -2.27        57.56         1.69       -0.14       -2.34
2025-12-09 14:43:13,678:         Step      maxGoal    expReturn      expGoal   CriticLoss    ActorLoss      LogProb
2025-12-09 14:43:14,420: Load models from directory: ./saves/100_100_100000_10zu20_0.1_0.5_0/
2025-12-09 14:43:14,745: Models successfully loaded from ./saves/100_100_100000_10zu20_0.1_0.5_0/
2025-12-09 14:43:32,631:         Step      maxGoal    expReturn      expGoal   CriticLoss    ActorLoss      LogProb
2025-12-09 14:43:33,147: Load models from directory: ./saves/100_100_100000_10zu20_0.1_0.5_0/
2025-12-09 14:43:33,317: Models successfully loaded from ./saves/100_100_100000_10zu20_0.1_0.5_0/
2025-12-09 14:43:40,833:       181560        51.06
2025-12-09 14:43:57,557:       181560        51.06        -2.47        51.06         3.85        0.37       -3.31
2025-12-09 14:44:03,194:       182472        54.27
2025-12-09 14:44:19,510:       182472        54.27        -2.63        54.27         5.79       -0.21       -2.66
2025-12-09 14:44:25,119:       183384        56.71
2025-12-09 14:44:41,197:       183384        56.71        -2.37        56.71         7.73       -0.04       -2.16
2025-12-09 14:45:02,855:       184296        56.71        -2.33        55.29         2.38       -0.17       -2.97
2025-12-09 14:45:08,395:       185208        56.87
2025-12-09 14:45:24,745:       185208        56.87        -2.21        56.87         3.24       -0.26       -1.86
2025-12-09 14:45:47,293:       186120        56.87        -2.18        56.37         1.99        0.13       -1.87
2025-12-09 14:45:53,001:       187032        59.19
2025-12-09 14:46:08,938:       187032        59.19        -1.95        59.19         3.40        0.55       -2.56
2025-12-09 14:46:29,836:       187944        59.19        -2.14        52.63         2.73        0.12       -2.25
2025-12-09 14:46:50,886:       188856        59.19        -2.20        55.94         7.22        0.62       -1.98
2025-12-09 14:47:12,370:       189768        59.19        -2.03        57.30         1.35        0.19       -2.55
2025-12-09 14:47:34,814:       190680        59.19        -2.81        52.73         6.80        0.22       -2.59
2025-12-09 14:47:59,615:       191592        59.19        -2.16        57.48         3.51       -0.41       -1.81
2025-12-09 14:48:25,185:       192504        59.19        -2.27        55.88         1.75       -0.28       -2.26
2025-12-09 14:48:51,644:       193416        59.19        -2.11        55.04         3.09        0.14       -2.43
2025-12-09 14:49:17,498:       194328        59.19        -2.13        57.42         0.96        0.00       -1.61
2025-12-09 14:49:43,303:       195240        59.19        -2.00        58.12         1.10        0.26       -1.78
2025-12-09 14:50:10,415:       196152        59.19        -2.01        57.77         2.21       -0.02       -1.71
2025-12-09 14:50:35,634:       197064        59.19        -2.23        55.38         5.76        0.49       -2.15
2025-12-09 14:51:00,823:       197976        59.19        -2.12        55.68         2.00       -0.43       -1.54
2025-12-09 14:51:26,331:       198888        59.19        -2.15        53.26         4.34       -0.22       -1.91
2025-12-09 14:51:52,282:       199800        59.19        -2.23        50.60         3.35        0.10       -2.43
2025-12-09 14:52:18,089:       200712        59.19        -2.01        52.90         1.29        0.55       -2.42
2025-12-09 14:53:29,514:         Step      maxGoal    expReturn      expGoal   CriticLoss    ActorLoss      LogProb
2025-12-09 14:53:30,063: Load models from directory: ./saves/100_100_100000_10zu20_0.1_0.5_0/
2025-12-09 14:53:30,277: Models successfully loaded from ./saves/100_100_100000_10zu20_0.1_0.5_0/
2025-12-09 14:53:37,749:       201672        55.54
2025-12-09 14:53:56,012:       201672        55.54        -2.52        55.54        14.74        0.20       -2.16
2025-12-09 14:54:19,864:       202632        55.54        -2.54        52.20         5.17        0.14       -2.08
2025-12-09 14:54:25,488:       203592        55.83
2025-12-09 14:54:42,814:       203592        55.83        -2.23        55.83         3.22       -0.35       -2.10
2025-12-09 14:54:48,519:       204552        55.94
2025-12-09 14:55:05,951:       204552        55.94        -2.27        55.94         5.72        0.23       -1.99
2025-12-09 14:55:29,438:       205512        55.94        -2.22        55.06         1.56        0.25       -2.01
2025-12-09 14:55:52,345:       206472        55.94        -2.37        53.55         4.63        0.01       -1.85
2025-12-09 14:56:15,261:       207432        55.94        -2.20        55.66         1.37        0.08       -1.71
2025-12-09 14:56:38,154:       208392        55.94        -2.30        54.69         7.23        0.18       -1.92
2025-12-09 14:57:01,090:       209352        55.94        -2.31        54.90         2.53        0.27       -2.12
2025-12-09 14:57:24,141:       210312        55.94        -2.20        55.63         1.70        0.09       -1.85
2025-12-09 14:57:30,312:       211272        57.65
2025-12-09 14:57:48,397:       211272        57.65        -2.12        57.65         2.25       -0.02       -2.76
2025-12-09 14:57:54,207:       212232        58.58
2025-12-09 14:58:11,493:       212232        58.58        -2.00        58.58         2.74       -0.07       -2.04
2025-12-09 14:58:34,519:       213192        58.58        -2.23        54.32         2.44        0.18       -1.81
2025-12-09 14:58:57,286:       214152        58.58        -2.24        52.87         2.64       -0.17       -1.90
2025-12-09 14:59:21,220:       215112        58.58        -2.13        53.25         0.99       -0.40       -1.97
2025-12-09 14:59:44,386:       216072        58.58        -2.11        54.58         5.79       -0.11       -2.30
2025-12-09 15:00:07,422:       217032        58.58        -2.20        57.62         1.62       -0.08       -1.82
2025-12-09 15:00:29,629:       217992        58.58        -2.58        54.79         2.02       -0.34       -1.19
2025-12-09 15:00:52,831:       218952        58.58        -2.13        53.99         2.14       -0.15       -2.73
2025-12-09 15:01:15,131:       219912        58.58        -2.08        55.03         1.26       -0.18       -2.49
2025-12-09 15:01:38,250:       220872        58.58        -2.03        54.49         1.30        0.03       -2.86
