2025-12-08 13:00:58,601 -         Step      maxGoal    expReturn      expGoal   CriticLoss    ActorLoss      LogProb
2025-12-08 13:01:08,154 -          800        21.74
2025-12-08 13:02:08,285 -          800        21.74       -10.25        21.74       365.85        0.17       -8.66
2025-12-08 13:03:13,946 -         1600        21.74       -10.14        21.39        35.91        0.18       -8.16
2025-12-08 13:04:25,160 -         2400        21.74       -11.80        20.82        12.00        0.22       -8.71
2025-12-08 13:05:36,472 -         3200        21.74       -10.02        20.31        14.00        0.18       -8.21
2025-12-08 13:05:42,485 -         4000        22.82
2025-12-08 13:06:46,464 -         4000        22.82        -9.38        22.82         5.99        0.04       -7.18
2025-12-08 13:07:50,397 -         4800        22.82       -10.23        21.81        14.59       -0.23       -8.59
2025-12-08 13:08:54,303 -         5600        22.82        -8.77        22.57        10.47        0.27       -8.50
2025-12-08 13:09:58,238 -         6400        22.82       -10.39        22.14         5.30        0.92       -8.64
2025-12-08 13:11:01,720 -         7200        22.82       -10.26        22.61         5.66        0.09       -8.34
2025-12-08 13:11:07,580 -         8000        22.94
2025-12-08 13:12:10,346 -         8000        22.94        -9.54        22.94         5.66        0.03       -7.89
2025-12-08 13:12:16,915 -         8800        23.03
2025-12-08 13:13:19,576 -         8800        23.03        -9.19        23.03         3.06        0.43       -7.99
2025-12-08 13:13:25,378 -         9600        24.19
2025-12-08 13:14:23,031 -         9600        24.19        -9.90        24.19         6.63        0.06       -8.82
2025-12-08 13:14:28,680 -        10400        24.46
2025-12-08 13:15:25,524 -        10400        24.46        -8.47        24.46         5.58        0.41       -8.02
2025-12-08 13:16:28,190 -        11200        24.46        -9.17        22.53         4.36        0.02       -8.36
2025-12-08 13:17:30,541 -        12000        24.46        -9.20        23.16         4.57        0.08       -7.80
2025-12-08 13:18:34,753 -        12800        24.46        -9.44        21.59         3.19        0.38       -8.08
2025-12-08 13:19:40,066 -        13600        24.46        -9.07        22.26         2.87        0.29       -8.56
2025-12-08 13:19:45,914 -        14400        24.53
2025-12-08 13:20:43,901 -        14400        24.53        -8.20        24.53         2.58        0.53       -7.99
2025-12-08 13:20:49,756 -        15200        25.07
2025-12-08 13:21:46,890 -        15200        25.07        -8.50        25.07         1.59       -0.30       -7.96
2025-12-08 13:22:49,769 -        16000        25.07        -8.40        24.76         3.54        0.32       -7.60
2025-12-08 13:22:55,519 -        16800        25.19
2025-12-08 13:23:52,407 -        16800        25.19        -8.20        25.19         2.03        0.41       -7.61
2025-12-08 13:24:55,133 -        17600        25.19        -8.57        23.64         2.88        0.15       -7.45
2025-12-08 13:25:57,604 -        18400        25.19        -8.14        24.41         2.10        0.05       -7.54
2025-12-08 13:27:00,127 -        19200        25.19        -7.79        23.94         1.56       -0.34       -7.86
2025-12-08 13:27:05,730 -        20000        25.53
2025-12-08 13:28:02,596 -        20000        25.53        -8.41        25.53         3.50        0.04       -7.39
2025-12-08 13:29:05,063 -        20800        25.53        -9.09        24.40         2.53        0.45       -8.03
2025-12-08 13:29:10,751 -        21600        26.03
2025-12-08 13:30:07,814 -        21600        26.03        -7.77        26.03         3.10        0.36       -7.85
2025-12-08 13:31:10,270 -        22400        26.03        -7.36        25.55         2.75        0.37       -7.34
2025-12-08 13:32:12,870 -        23200        26.03        -7.95        25.07         4.01        0.37       -7.89
2025-12-08 13:32:18,435 -        24000        26.98
2025-12-08 13:33:15,184 -        24000        26.98        -7.28        26.98         6.60        0.02       -7.99
2025-12-08 13:34:17,362 -        24800        26.98        -7.55        25.89         1.10        0.01       -7.76
2025-12-08 13:35:19,697 -        25600        26.98        -7.95        24.79         2.29       -0.49       -8.13
2025-12-08 13:36:22,353 -        26400        26.98        -7.54        26.91         6.43        0.26       -7.42
2025-12-08 13:37:24,788 -        27200        26.98        -7.39        26.45         3.97        0.29       -7.45
2025-12-08 13:38:26,830 -        28000        26.98        -7.59        25.08         4.91        0.35       -7.42
2025-12-08 13:38:32,420 -        28800        27.46
2025-12-08 13:39:29,122 -        28800        27.46        -8.22        27.46         1.60        0.16       -7.53
2025-12-08 13:40:31,412 -        29600        27.46        -7.24        26.97         3.43        0.06       -7.22
2025-12-08 13:40:37,057 -        30400        27.50
2025-12-08 13:41:33,999 -        30400        27.50        -6.92        27.50         1.83        0.02       -6.74
2025-12-08 13:41:39,648 -        31200        27.58
2025-12-08 13:42:36,766 -        31200        27.58        -7.57        27.58         2.56        0.30       -6.76
2025-12-08 13:42:42,601 -        32000        27.93
2025-12-08 13:43:39,488 -        32000        27.93        -6.50        27.93         2.46        0.11       -7.75
2025-12-08 13:44:41,727 -        32800        27.93        -7.26        25.96         1.86        0.29       -7.26
2025-12-08 13:45:44,635 -        33600        27.93        -6.67        27.39         3.24        0.80       -6.43
2025-12-08 13:45:50,234 -        34400        28.75
2025-12-08 13:46:47,012 -        34400        28.75        -7.18        28.75         1.81        0.20       -7.75
2025-12-08 13:47:49,267 -        35200        28.75        -7.07        28.54         2.35        0.17       -6.76
2025-12-08 13:48:51,321 -        36000        28.75        -6.52        28.30         1.31       -0.15       -7.16
2025-12-08 13:49:53,284 -        36800        28.75        -6.47        28.65         0.35        0.12       -6.56
2025-12-08 13:50:55,695 -        37600        28.75        -7.64        27.97         1.82        0.05       -6.99
2025-12-08 13:51:01,426 -        38400        29.05
2025-12-08 13:51:58,427 -        38400        29.05        -7.50        29.05         2.24       -0.10       -6.59
2025-12-08 13:53:00,880 -        39200        29.05        -6.52        27.77         1.06       -0.14       -6.33
2025-12-08 13:54:03,229 -        40000        29.05        -6.06        27.74         1.41        0.11       -7.18
2025-12-08 13:55:05,403 -        40800        29.05        -6.74        28.75         1.44       -0.06       -6.01
2025-12-08 13:55:10,974 -        41600        30.29
2025-12-08 13:56:07,868 -        41600        30.29        -6.06        30.29         1.94        0.65       -7.02
2025-12-08 13:57:10,117 -        42400        30.29        -6.60        29.16         1.16       -0.19       -6.93
2025-12-08 13:58:12,218 -        43200        30.29        -6.06        29.82         0.82        0.55       -7.31
2025-12-08 13:59:16,868 -        44000        30.29        -6.63        29.16         1.89        0.07       -6.62
2025-12-08 14:00:20,050 -        44800        30.29        -6.97        30.01         2.15       -0.06       -5.47
2025-12-08 14:01:22,565 -        45600        30.29        -5.85        26.48         2.18       -0.15       -6.78
2025-12-08 14:02:24,744 -        46400        30.29        -6.57        27.97         2.43       -0.11       -6.97
2025-12-08 14:03:26,649 -        47200        30.29        -5.99        30.14         1.09        0.03       -6.21
2025-12-08 14:03:32,283 -        48000        32.21
2025-12-08 14:04:28,855 -        48000        32.21        -6.70        32.21        13.10       -0.14       -6.57
2025-12-08 14:05:30,759 -        48800        32.21        -6.10        30.76         0.83       -0.10       -5.56
2025-12-08 14:06:33,083 -        49600        32.21        -6.14        31.88         0.75        0.32       -6.40
2025-12-08 14:07:37,471 -        50400        32.21        -6.52        30.20         0.75       -0.03       -5.87
